This file contains any messages produced by compilers while
running configure, to aid debugging if configure makes a mistake.

It was created by majordomo configure 0.1.0, which was
generated by GNU Autoconf 2.65.  Invocation command line was

  $ ./configure 

## --------- ##
## Platform. ##
## --------- ##

hostname = cloud01
uname -m = x86_64
uname -r = 2.6.32-33-generic
uname -s = Linux
uname -v = #70-Ubuntu SMP Thu Jul 7 21:13:52 UTC 2011

/usr/bin/uname -p = unknown
/bin/uname -X     = unknown

/bin/arch              = unknown
/usr/bin/arch -k       = unknown
/usr/convex/getsysinfo = unknown
/usr/bin/hostinfo      = unknown
/bin/machine           = unknown
/usr/bin/oslevel       = unknown
/bin/universe          = unknown

PATH: /home/aleks/.rvm/gems/ruby-1.9.3-head/bin
PATH: /home/aleks/.rvm/gems/ruby-1.9.3-head@global/bin
PATH: /home/aleks/.rvm/rubies/ruby-1.9.3-head/bin
PATH: /home/aleks/.rvm/bin
PATH: /home/aleks/bin
PATH: /usr/local/sbin
PATH: /usr/local/bin
PATH: /usr/sbin
PATH: /usr/bin
PATH: /sbin
PATH: /bin
PATH: /usr/games
PATH: /home/aleks/usr/go/bin


## ----------- ##
## Core tests. ##
## ----------- ##

configure:2501: checking for a BSD-compatible install
configure:2569: result: /usr/bin/install -c
configure:2580: checking whether build environment is sane
configure:2630: result: yes
configure:2771: checking for a thread-safe mkdir -p
configure:2810: result: /bin/mkdir -p
configure:2823: checking for gawk
configure:2839: found /usr/bin/gawk
configure:2850: result: gawk
configure:2861: checking whether make sets $(MAKE)
configure:2883: result: yes
configure:2958: checking how to create a ustar tar archive
configure:2971: tar --version
tar (GNU tar) 1.22
Copyright (C) 2009 Free Software Foundation, Inc.
License GPLv3+: GNU GPL version 3 or later <http://gnu.org/licenses/gpl.html>.
This is free software: you are free to change and redistribute it.
There is NO WARRANTY, to the extent permitted by law.

Written by John Gilmore and Jay Fenlason.
configure:2974: $? = 0
configure:3014: tardir=conftest.dir && eval tar --format=ustar -chf - "$tardir" >conftest.tar
configure:3017: $? = 0
configure:3021: tar -xf - <conftest.tar
configure:3024: $? = 0
configure:3037: result: gnutar
configure:3142: checking for gcc
configure:3158: found /usr/bin/gcc
configure:3169: result: gcc
configure:3398: checking for C compiler version
configure:3407: gcc --version >&5
gcc (Ubuntu 4.4.3-4ubuntu5.1) 4.4.3
Copyright (C) 2009 Free Software Foundation, Inc.
This is free software; see the source for copying conditions.  There is NO
warranty; not even for MERCHANTABILITY or FITNESS FOR A PARTICULAR PURPOSE.

configure:3418: $? = 0
configure:3407: gcc -v >&5
Using built-in specs.
Target: x86_64-linux-gnu
Configured with: ../src/configure -v --with-pkgversion='Ubuntu 4.4.3-4ubuntu5.1' --with-bugurl=file:///usr/share/doc/gcc-4.4/README.Bugs --enable-languages=c,c++,fortran,objc,obj-c++ --prefix=/usr --enable-shared --enable-multiarch --enable-linker-build-id --with-system-zlib --libexecdir=/usr/lib --without-included-gettext --enable-threads=posix --with-gxx-include-dir=/usr/include/c++/4.4 --program-suffix=-4.4 --enable-nls --enable-clocale=gnu --enable-libstdcxx-debug --enable-plugin --enable-objc-gc --disable-werror --with-arch-32=i486 --with-tune=generic --enable-checking=release --build=x86_64-linux-gnu --host=x86_64-linux-gnu --target=x86_64-linux-gnu
Thread model: posix
gcc version 4.4.3 (Ubuntu 4.4.3-4ubuntu5.1) 
configure:3418: $? = 0
configure:3407: gcc -V >&5
gcc: '-V' option must have argument
configure:3418: $? = 1
configure:3407: gcc -qversion >&5
gcc: unrecognized option '-qversion'
gcc: no input files
configure:3418: $? = 1
configure:3438: checking whether the C compiler works
configure:3460: gcc    conftest.c  >&5
configure:3464: $? = 0
configure:3513: result: yes
configure:3516: checking for C compiler default output file name
configure:3518: result: a.out
configure:3524: checking for suffix of executables
configure:3531: gcc -o conftest    conftest.c  >&5
configure:3535: $? = 0
configure:3557: result: 
configure:3579: checking whether we are cross compiling
configure:3587: gcc -o conftest    conftest.c  >&5
configure:3591: $? = 0
configure:3598: ./conftest
configure:3602: $? = 0
configure:3617: result: no
configure:3622: checking for suffix of object files
configure:3644: gcc -c   conftest.c >&5
configure:3648: $? = 0
configure:3669: result: o
configure:3673: checking whether we are using the GNU C compiler
configure:3692: gcc -c   conftest.c >&5
configure:3692: $? = 0
configure:3701: result: yes
configure:3710: checking whether gcc accepts -g
configure:3730: gcc -c -g  conftest.c >&5
configure:3730: $? = 0
configure:3771: result: yes
configure:3788: checking for gcc option to accept ISO C89
configure:3852: gcc  -c -g -O2  conftest.c >&5
configure:3852: $? = 0
configure:3865: result: none needed
configure:3896: checking for style of include used by make
configure:3924: result: GNU
configure:3949: checking dependency style of gcc
configure:4059: result: gcc3
configure:4074: checking for gcc option to accept ISO C99
configure:4223: gcc  -c -g -O2  conftest.c >&5
conftest.c:64: error: expected ';', ',' or ')' before 'text'
conftest.c: In function 'main':
conftest.c:118: error: expected '=', ',', ';', 'asm' or '__attribute__' before 'newvar'
conftest.c:118: error: 'newvar' undeclared (first use in this function)
conftest.c:118: error: (Each undeclared identifier is reported only once
conftest.c:118: error: for each function it appears in.)
conftest.c:128: error: 'for' loop initial declarations are only allowed in C99 mode
conftest.c:128: note: use option -std=c99 or -std=gnu99 to compile your code
configure:4223: $? = 1
configure: failed program was:
| /* confdefs.h */
| #define PACKAGE_NAME "majordomo"
| #define PACKAGE_TARNAME "majordomo"
| #define PACKAGE_VERSION "0.1.0"
| #define PACKAGE_STRING "majordomo 0.1.0"
| #define PACKAGE_BUGREPORT "zeromq-dev@lists.zeromq.org"
| #define PACKAGE_URL ""
| #define PACKAGE "majordomo"
| #define VERSION "0.1.0"
| #define PACKAGE_VERSION_MAJOR 0
| #define PACKAGE_VERSION_MINOR 1
| #define PACKAGE_VERSION_PATCH 0
| /* end confdefs.h.  */
| #include <stdarg.h>
| #include <stdbool.h>
| #include <stdlib.h>
| #include <wchar.h>
| #include <stdio.h>
| 
| // Check varargs macros.  These examples are taken from C99 6.10.3.5.
| #define debug(...) fprintf (stderr, __VA_ARGS__)
| #define showlist(...) puts (#__VA_ARGS__)
| #define report(test,...) ((test) ? puts (#test) : printf (__VA_ARGS__))
| static void
| test_varargs_macros (void)
| {
|   int x = 1234;
|   int y = 5678;
|   debug ("Flag");
|   debug ("X = %d\n", x);
|   showlist (The first, second, and third items.);
|   report (x>y, "x is %d but y is %d", x, y);
| }
| 
| // Check long long types.
| #define BIG64 18446744073709551615ull
| #define BIG32 4294967295ul
| #define BIG_OK (BIG64 / BIG32 == 4294967297ull && BIG64 % BIG32 == 0)
| #if !BIG_OK
|   your preprocessor is broken;
| #endif
| #if BIG_OK
| #else
|   your preprocessor is broken;
| #endif
| static long long int bignum = -9223372036854775807LL;
| static unsigned long long int ubignum = BIG64;
| 
| struct incomplete_array
| {
|   int datasize;
|   double data[];
| };
| 
| struct named_init {
|   int number;
|   const wchar_t *name;
|   double average;
| };
| 
| typedef const char *ccp;
| 
| static inline int
| test_restrict (ccp restrict text)
| {
|   // See if C++-style comments work.
|   // Iterate through items via the restricted pointer.
|   // Also check for declarations in for loops.
|   for (unsigned int i = 0; *(text+i) != '\0'; ++i)
|     continue;
|   return 0;
| }
| 
| // Check varargs and va_copy.
| static void
| test_varargs (const char *format, ...)
| {
|   va_list args;
|   va_start (args, format);
|   va_list args_copy;
|   va_copy (args_copy, args);
| 
|   const char *str;
|   int number;
|   float fnumber;
| 
|   while (*format)
|     {
|       switch (*format++)
| 	{
| 	case 's': // string
| 	  str = va_arg (args_copy, const char *);
| 	  break;
| 	case 'd': // int
| 	  number = va_arg (args_copy, int);
| 	  break;
| 	case 'f': // float
| 	  fnumber = va_arg (args_copy, double);
| 	  break;
| 	default:
| 	  break;
| 	}
|     }
|   va_end (args_copy);
|   va_end (args);
| }
| 
| int
| main ()
| {
| 
|   // Check bool.
|   _Bool success = false;
| 
|   // Check restrict.
|   if (test_restrict ("String literal") == 0)
|     success = true;
|   char *restrict newvar = "Another string";
| 
|   // Check varargs.
|   test_varargs ("s, d' f .", "string", 65, 34.234);
|   test_varargs_macros ();
| 
|   // Check flexible array members.
|   struct incomplete_array *ia =
|     malloc (sizeof (struct incomplete_array) + (sizeof (double) * 10));
|   ia->datasize = 10;
|   for (int i = 0; i < ia->datasize; ++i)
|     ia->data[i] = i * 1.234;
| 
|   // Check named initializers.
|   struct named_init ni = {
|     .number = 34,
|     .name = L"Test wide string",
|     .average = 543.34343,
|   };
| 
|   ni.number = 58;
| 
|   int dynamic_array[ni.number];
|   dynamic_array[ni.number - 1] = 543;
| 
|   // work around unused variable warnings
|   return (!success || bignum == 0LL || ubignum == 0uLL || newvar[0] == 'x'
| 	  || dynamic_array[ni.number - 1] != 543);
| 
|   ;
|   return 0;
| }
configure:4223: gcc -std=gnu99 -c -g -O2  conftest.c >&5
configure:4223: $? = 0
configure:4243: result: -std=gnu99
configure:4252: checking whether gcc -std=gnu99 and cc understand -c and -o together
configure:4283: gcc -std=gnu99 -c conftest.c -o conftest2.o >&5
configure:4287: $? = 0
configure:4293: gcc -std=gnu99 -c conftest.c -o conftest2.o >&5
configure:4297: $? = 0
configure:4308: cc -c conftest.c >&5
configure:4312: $? = 0
configure:4320: cc -c conftest.c -o conftest2.o >&5
configure:4324: $? = 0
configure:4330: cc -c conftest.c -o conftest2.o >&5
configure:4334: $? = 0
configure:4352: result: yes
configure:4381: checking build system type
configure:4395: result: x86_64-unknown-linux-gnu
configure:4415: checking host system type
configure:4428: result: x86_64-unknown-linux-gnu
configure:4776: checking for a sed that does not truncate output
configure:4840: result: /bin/sed
configure:4858: checking for grep that handles long lines and -e
configure:4916: result: /bin/grep
configure:4921: checking for egrep
configure:4983: result: /bin/grep -E
configure:4988: checking for fgrep
configure:5050: result: /bin/grep -F
configure:5085: checking for ld used by gcc -std=gnu99
configure:5152: result: /usr/bin/ld
configure:5159: checking if the linker (/usr/bin/ld) is GNU ld
configure:5174: result: yes
configure:5186: checking for BSD- or MS-compatible name lister (nm)
configure:5235: result: /usr/bin/nm -B
configure:5353: checking the name lister (/usr/bin/nm -B) interface
configure:5360: gcc -std=gnu99 -c -g -O2  conftest.c >&5
configure:5363: /usr/bin/nm -B "conftest.o"
configure:5366: output
0000000000000000 B some_variable
configure:5373: result: BSD nm
configure:5376: checking whether ln -s works
configure:5380: result: yes
configure:5388: checking the maximum length of command line arguments
configure:5508: result: 1572864
configure:5525: checking whether the shell understands some XSI constructs
configure:5535: result: yes
configure:5539: checking whether the shell understands "+="
configure:5545: result: yes
configure:5580: checking for /usr/bin/ld option to reload object files
configure:5587: result: -r
configure:5656: checking for objdump
configure:5683: result: objdump
configure:5712: checking how to recognize dependent libraries
configure:5908: result: pass_all
configure:5968: checking for ar
configure:5984: found /usr/bin/ar
configure:5995: result: ar
configure:6073: checking for strip
configure:6089: found /usr/bin/strip
configure:6100: result: strip
configure:6172: checking for ranlib
configure:6188: found /usr/bin/ranlib
configure:6199: result: ranlib
configure:6289: checking command to parse /usr/bin/nm -B output from gcc -std=gnu99 object
configure:6407: gcc -std=gnu99 -c -g -O2  conftest.c >&5
configure:6410: $? = 0
configure:6414: /usr/bin/nm -B conftest.o \| sed -n -e 's/^.*[	 ]\([ABCDGIRSTW][ABCDGIRSTW]*\)[	 ][	 ]*\([_A-Za-z][_A-Za-z0-9]*\)$/\1 \2 \2/p' \> conftest.nm
configure:6417: $? = 0
configure:6471: gcc -std=gnu99 -o conftest -g -O2   conftest.c conftstm.o >&5
configure:6474: $? = 0
configure:6512: result: ok
configure:6608: gcc -std=gnu99 -c -g -O2  conftest.c >&5
configure:6611: $? = 0
configure:7321: checking how to run the C preprocessor
configure:7352: gcc -std=gnu99 -E  conftest.c
configure:7352: $? = 0
configure:7366: gcc -std=gnu99 -E  conftest.c
conftest.c:14:28: error: ac_nonexistent.h: No such file or directory
configure:7366: $? = 1
configure: failed program was:
| /* confdefs.h */
| #define PACKAGE_NAME "majordomo"
| #define PACKAGE_TARNAME "majordomo"
| #define PACKAGE_VERSION "0.1.0"
| #define PACKAGE_STRING "majordomo 0.1.0"
| #define PACKAGE_BUGREPORT "zeromq-dev@lists.zeromq.org"
| #define PACKAGE_URL ""
| #define PACKAGE "majordomo"
| #define VERSION "0.1.0"
| #define PACKAGE_VERSION_MAJOR 0
| #define PACKAGE_VERSION_MINOR 1
| #define PACKAGE_VERSION_PATCH 0
| /* end confdefs.h.  */
| #include <ac_nonexistent.h>
configure:7391: result: gcc -std=gnu99 -E
configure:7411: gcc -std=gnu99 -E  conftest.c
configure:7411: $? = 0
configure:7425: gcc -std=gnu99 -E  conftest.c
conftest.c:14:28: error: ac_nonexistent.h: No such file or directory
configure:7425: $? = 1
configure: failed program was:
| /* confdefs.h */
| #define PACKAGE_NAME "majordomo"
| #define PACKAGE_TARNAME "majordomo"
| #define PACKAGE_VERSION "0.1.0"
| #define PACKAGE_STRING "majordomo 0.1.0"
| #define PACKAGE_BUGREPORT "zeromq-dev@lists.zeromq.org"
| #define PACKAGE_URL ""
| #define PACKAGE "majordomo"
| #define VERSION "0.1.0"
| #define PACKAGE_VERSION_MAJOR 0
| #define PACKAGE_VERSION_MINOR 1
| #define PACKAGE_VERSION_PATCH 0
| /* end confdefs.h.  */
| #include <ac_nonexistent.h>
configure:7454: checking for ANSI C header files
configure:7474: gcc -std=gnu99 -c -g -O2  conftest.c >&5
configure:7474: $? = 0
configure:7547: gcc -std=gnu99 -o conftest -g -O2   conftest.c  >&5
configure:7547: $? = 0
configure:7547: ./conftest
configure:7547: $? = 0
configure:7558: result: yes
configure:7571: checking for sys/types.h
configure:7571: gcc -std=gnu99 -c -g -O2  conftest.c >&5
configure:7571: $? = 0
configure:7571: result: yes
configure:7571: checking for sys/stat.h
configure:7571: gcc -std=gnu99 -c -g -O2  conftest.c >&5
configure:7571: $? = 0
configure:7571: result: yes
configure:7571: checking for stdlib.h
configure:7571: gcc -std=gnu99 -c -g -O2  conftest.c >&5
configure:7571: $? = 0
configure:7571: result: yes
configure:7571: checking for string.h
configure:7571: gcc -std=gnu99 -c -g -O2  conftest.c >&5
configure:7571: $? = 0
configure:7571: result: yes
configure:7571: checking for memory.h
configure:7571: gcc -std=gnu99 -c -g -O2  conftest.c >&5
configure:7571: $? = 0
configure:7571: result: yes
configure:7571: checking for strings.h
configure:7571: gcc -std=gnu99 -c -g -O2  conftest.c >&5
configure:7571: $? = 0
configure:7571: result: yes
configure:7571: checking for inttypes.h
configure:7571: gcc -std=gnu99 -c -g -O2  conftest.c >&5
configure:7571: $? = 0
configure:7571: result: yes
configure:7571: checking for stdint.h
configure:7571: gcc -std=gnu99 -c -g -O2  conftest.c >&5
configure:7571: $? = 0
configure:7571: result: yes
configure:7571: checking for unistd.h
configure:7571: gcc -std=gnu99 -c -g -O2  conftest.c >&5
configure:7571: $? = 0
configure:7571: result: yes
configure:7586: checking for dlfcn.h
configure:7586: gcc -std=gnu99 -c -g -O2  conftest.c >&5
configure:7586: $? = 0
configure:7586: result: yes
configure:7768: checking for objdir
configure:7783: result: .libs
configure:8079: checking if gcc -std=gnu99 supports -fno-rtti -fno-exceptions
configure:8097: gcc -std=gnu99 -c -g -O2  -fno-rtti -fno-exceptions conftest.c >&5
cc1: warning: command line option "-fno-rtti" is valid for C++/ObjC++ but not for C
configure:8101: $? = 0
configure:8114: result: no
configure:8134: checking for gcc -std=gnu99 option to produce PIC
configure:8406: result: -fPIC -DPIC
configure:8418: checking if gcc -std=gnu99 PIC flag -fPIC -DPIC works
configure:8436: gcc -std=gnu99 -c -g -O2  -fPIC -DPIC -DPIC conftest.c >&5
configure:8440: $? = 0
configure:8453: result: yes
configure:8477: checking if gcc -std=gnu99 static flag -static works
configure:8505: result: yes
configure:8520: checking if gcc -std=gnu99 supports -c -o file.o
configure:8541: gcc -std=gnu99 -c -g -O2  -o out/conftest2.o conftest.c >&5
configure:8545: $? = 0
configure:8567: result: yes
configure:8575: checking if gcc -std=gnu99 supports -c -o file.o
configure:8622: result: yes
configure:8655: checking whether the gcc -std=gnu99 linker (/usr/bin/ld -m elf_x86_64) supports shared libraries
configure:9646: result: yes
configure:9683: checking whether -lc should be explicitly linked in
configure:9688: gcc -std=gnu99 -c -g -O2  conftest.c >&5
configure:9691: $? = 0
configure:9706: gcc -std=gnu99 -shared conftest.o  -v -Wl,-soname -Wl,conftest -o conftest 2\>\&1 \| /bin/grep  -lc  \>/dev/null 2\>\&1
configure:9709: $? = 0
configure:9721: result: no
configure:9885: checking dynamic linker characteristics
configure:10318: gcc -std=gnu99 -o conftest -g -O2   -Wl,-rpath -Wl,/foo conftest.c  >&5
configure:10318: $? = 0
configure:10548: result: GNU/Linux ld.so
configure:10650: checking how to hardcode library paths into programs
configure:10675: result: immediate
configure:11195: checking whether stripping libraries is possible
configure:11200: result: yes
configure:11235: checking if libtool supports shared libraries
configure:11237: result: yes
configure:11240: checking whether to build shared libraries
configure:11261: result: yes
configure:11264: checking whether to build static libraries
configure:11268: result: yes
configure:11303: checking for a sed that does not truncate output
configure:11367: result: /bin/sed
configure:11376: checking for gawk
configure:11403: result: gawk
configure:11463: checking for pkg-config
configure:11481: found /usr/bin/pkg-config
configure:11493: result: /usr/bin/pkg-config
configure:11518: checking pkg-config is at least version 0.9.0
configure:11521: result: yes
configure:11555: checking for zmq
configure:11563: $PKG_CONFIG --exists --print-errors "libzmq >= 2.2.0"
configure:11566: $? = 0
configure:11581: $PKG_CONFIG --exists --print-errors "libzmq >= 2.2.0"
configure:11584: $? = 0
configure:11622: result: yes
configure:11637: checking for czmq
configure:11645: $PKG_CONFIG --exists --print-errors "libczmq >= 3.0.0"
configure:11648: $? = 0
configure:11663: $PKG_CONFIG --exists --print-errors "libczmq >= 3.0.0"
configure:11666: $? = 0
configure:11704: result: yes
configure:11733: checking for asciidoc
configure:11749: found /usr/bin/asciidoc
configure:11761: result: yes
configure:11771: checking for xmlto
configure:11787: found /usr/bin/xmlto
configure:11799: result: yes
configure:11818: checking whether to build documentation
configure:11820: result: yes
configure:11822: checking whether to install manpages
configure:11824: result: yes
configure:11937: checking for ANSI C header files
configure:12041: result: yes
configure:12054: checking errno.h usability
configure:12054: gcc -std=gnu99 -c -g -O2 -D_GNU_SOURCE -DLINUX -D_REENTRANT -D_THREAD_SAFE  conftest.c >&5
configure:12054: $? = 0
configure:12054: result: yes
configure:12054: checking errno.h presence
configure:12054: gcc -std=gnu99 -E -D_GNU_SOURCE -DLINUX -D_REENTRANT -D_THREAD_SAFE  conftest.c
configure:12054: $? = 0
configure:12054: result: yes
configure:12054: checking for errno.h
configure:12054: result: yes
configure:12054: checking arpa/inet.h usability
configure:12054: gcc -std=gnu99 -c -g -O2 -D_GNU_SOURCE -DLINUX -D_REENTRANT -D_THREAD_SAFE  conftest.c >&5
configure:12054: $? = 0
configure:12054: result: yes
configure:12054: checking arpa/inet.h presence
configure:12054: gcc -std=gnu99 -E -D_GNU_SOURCE -DLINUX -D_REENTRANT -D_THREAD_SAFE  conftest.c
configure:12054: $? = 0
configure:12054: result: yes
configure:12054: checking for arpa/inet.h
configure:12054: result: yes
configure:12054: checking netinet/tcp.h usability
configure:12054: gcc -std=gnu99 -c -g -O2 -D_GNU_SOURCE -DLINUX -D_REENTRANT -D_THREAD_SAFE  conftest.c >&5
configure:12054: $? = 0
configure:12054: result: yes
configure:12054: checking netinet/tcp.h presence
configure:12054: gcc -std=gnu99 -E -D_GNU_SOURCE -DLINUX -D_REENTRANT -D_THREAD_SAFE  conftest.c
configure:12054: $? = 0
configure:12054: result: yes
configure:12054: checking for netinet/tcp.h
configure:12054: result: yes
configure:12054: checking netinet/in.h usability
configure:12054: gcc -std=gnu99 -c -g -O2 -D_GNU_SOURCE -DLINUX -D_REENTRANT -D_THREAD_SAFE  conftest.c >&5
configure:12054: $? = 0
configure:12054: result: yes
configure:12054: checking netinet/in.h presence
configure:12054: gcc -std=gnu99 -E -D_GNU_SOURCE -DLINUX -D_REENTRANT -D_THREAD_SAFE  conftest.c
configure:12054: $? = 0
configure:12054: result: yes
configure:12054: checking for netinet/in.h
configure:12054: result: yes
configure:12054: checking stddef.h usability
configure:12054: gcc -std=gnu99 -c -g -O2 -D_GNU_SOURCE -DLINUX -D_REENTRANT -D_THREAD_SAFE  conftest.c >&5
configure:12054: $? = 0
configure:12054: result: yes
configure:12054: checking stddef.h presence
configure:12054: gcc -std=gnu99 -E -D_GNU_SOURCE -DLINUX -D_REENTRANT -D_THREAD_SAFE  conftest.c
configure:12054: $? = 0
configure:12054: result: yes
configure:12054: checking for stddef.h
configure:12054: result: yes
configure:12054: checking for stdlib.h
configure:12054: result: yes
configure:12054: checking for string.h
configure:12054: result: yes
configure:12054: checking sys/socket.h usability
configure:12054: gcc -std=gnu99 -c -g -O2 -D_GNU_SOURCE -DLINUX -D_REENTRANT -D_THREAD_SAFE  conftest.c >&5
configure:12054: $? = 0
configure:12054: result: yes
configure:12054: checking sys/socket.h presence
configure:12054: gcc -std=gnu99 -E -D_GNU_SOURCE -DLINUX -D_REENTRANT -D_THREAD_SAFE  conftest.c
configure:12054: $? = 0
configure:12054: result: yes
configure:12054: checking for sys/socket.h
configure:12054: result: yes
configure:12054: checking sys/time.h usability
configure:12054: gcc -std=gnu99 -c -g -O2 -D_GNU_SOURCE -DLINUX -D_REENTRANT -D_THREAD_SAFE  conftest.c >&5
configure:12054: $? = 0
configure:12054: result: yes
configure:12054: checking sys/time.h presence
configure:12054: gcc -std=gnu99 -E -D_GNU_SOURCE -DLINUX -D_REENTRANT -D_THREAD_SAFE  conftest.c
configure:12054: $? = 0
configure:12054: result: yes
configure:12054: checking for sys/time.h
configure:12054: result: yes
configure:12054: checking for unistd.h
configure:12054: result: yes
configure:12054: checking limits.h usability
configure:12054: gcc -std=gnu99 -c -g -O2 -D_GNU_SOURCE -DLINUX -D_REENTRANT -D_THREAD_SAFE  conftest.c >&5
configure:12054: $? = 0
configure:12054: result: yes
configure:12054: checking limits.h presence
configure:12054: gcc -std=gnu99 -E -D_GNU_SOURCE -DLINUX -D_REENTRANT -D_THREAD_SAFE  conftest.c
configure:12054: $? = 0
configure:12054: result: yes
configure:12054: checking for limits.h
configure:12054: result: yes
configure:12054: checking ifaddrs.h usability
configure:12054: gcc -std=gnu99 -c -g -O2 -D_GNU_SOURCE -DLINUX -D_REENTRANT -D_THREAD_SAFE  conftest.c >&5
configure:12054: $? = 0
configure:12054: result: yes
configure:12054: checking ifaddrs.h presence
configure:12054: gcc -std=gnu99 -E -D_GNU_SOURCE -DLINUX -D_REENTRANT -D_THREAD_SAFE  conftest.c
configure:12054: $? = 0
configure:12054: result: yes
configure:12054: checking for ifaddrs.h
configure:12054: result: yes
configure:12068: checking for net/if.h
configure:12068: gcc -std=gnu99 -c -g -O2 -D_GNU_SOURCE -DLINUX -D_REENTRANT -D_THREAD_SAFE  conftest.c >&5
configure:12068: $? = 0
configure:12068: result: yes
configure:12068: checking for net/if_media.h
configure:12068: gcc -std=gnu99 -c -g -O2 -D_GNU_SOURCE -DLINUX -D_REENTRANT -D_THREAD_SAFE  conftest.c >&5
conftest.c:48:26: error: net/if_media.h: No such file or directory
configure:12068: $? = 1
configure: failed program was:
| /* confdefs.h */
| #define PACKAGE_NAME "majordomo"
| #define PACKAGE_TARNAME "majordomo"
| #define PACKAGE_VERSION "0.1.0"
| #define PACKAGE_STRING "majordomo 0.1.0"
| #define PACKAGE_BUGREPORT "zeromq-dev@lists.zeromq.org"
| #define PACKAGE_URL ""
| #define PACKAGE "majordomo"
| #define VERSION "0.1.0"
| #define PACKAGE_VERSION_MAJOR 0
| #define PACKAGE_VERSION_MINOR 1
| #define PACKAGE_VERSION_PATCH 0
| #define STDC_HEADERS 1
| #define HAVE_SYS_TYPES_H 1
| #define HAVE_SYS_STAT_H 1
| #define HAVE_STDLIB_H 1
| #define HAVE_STRING_H 1
| #define HAVE_MEMORY_H 1
| #define HAVE_STRINGS_H 1
| #define HAVE_INTTYPES_H 1
| #define HAVE_STDINT_H 1
| #define HAVE_UNISTD_H 1
| #define HAVE_DLFCN_H 1
| #define LT_OBJDIR ".libs/"
| #define MAJORDOMO_HAVE_LINUX 1
| #define STDC_HEADERS 1
| #define HAVE_ERRNO_H 1
| #define HAVE_ARPA_INET_H 1
| #define HAVE_NETINET_TCP_H 1
| #define HAVE_NETINET_IN_H 1
| #define HAVE_STDDEF_H 1
| #define HAVE_STDLIB_H 1
| #define HAVE_STRING_H 1
| #define HAVE_SYS_SOCKET_H 1
| #define HAVE_SYS_TIME_H 1
| #define HAVE_UNISTD_H 1
| #define HAVE_LIMITS_H 1
| #define HAVE_IFADDRS_H 1
| #define HAVE_NET_IF_H 1
| /* end confdefs.h.  */
| 
| #ifdef HAVE_SYS_SOCKET_H
| # include <sys/socket.h>
| #endif
| #include <stdint.h>
| 
| 
| #include <net/if_media.h>
configure:12068: result: no
configure:12068: checking for linux/wireless.h
configure:12068: gcc -std=gnu99 -c -g -O2 -D_GNU_SOURCE -DLINUX -D_REENTRANT -D_THREAD_SAFE  conftest.c >&5
configure:12068: $? = 0
configure:12068: result: yes
configure:12087: checking for stdbool.h that conforms to C99
configure:12172: gcc -std=gnu99 -c -g -O2 -D_GNU_SOURCE -DLINUX -D_REENTRANT -D_THREAD_SAFE  conftest.c >&5
configure:12172: $? = 0
configure:12179: result: yes
configure:12181: checking for _Bool
configure:12181: gcc -std=gnu99 -c -g -O2 -D_GNU_SOURCE -DLINUX -D_REENTRANT -D_THREAD_SAFE  conftest.c >&5
configure:12181: $? = 0
configure:12181: gcc -std=gnu99 -c -g -O2 -D_GNU_SOURCE -DLINUX -D_REENTRANT -D_THREAD_SAFE  conftest.c >&5
conftest.c: In function 'main':
conftest.c:78: error: expected expression before ')' token
configure:12181: $? = 1
configure: failed program was:
| /* confdefs.h */
| #define PACKAGE_NAME "majordomo"
| #define PACKAGE_TARNAME "majordomo"
| #define PACKAGE_VERSION "0.1.0"
| #define PACKAGE_STRING "majordomo 0.1.0"
| #define PACKAGE_BUGREPORT "zeromq-dev@lists.zeromq.org"
| #define PACKAGE_URL ""
| #define PACKAGE "majordomo"
| #define VERSION "0.1.0"
| #define PACKAGE_VERSION_MAJOR 0
| #define PACKAGE_VERSION_MINOR 1
| #define PACKAGE_VERSION_PATCH 0
| #define STDC_HEADERS 1
| #define HAVE_SYS_TYPES_H 1
| #define HAVE_SYS_STAT_H 1
| #define HAVE_STDLIB_H 1
| #define HAVE_STRING_H 1
| #define HAVE_MEMORY_H 1
| #define HAVE_STRINGS_H 1
| #define HAVE_INTTYPES_H 1
| #define HAVE_STDINT_H 1
| #define HAVE_UNISTD_H 1
| #define HAVE_DLFCN_H 1
| #define LT_OBJDIR ".libs/"
| #define MAJORDOMO_HAVE_LINUX 1
| #define STDC_HEADERS 1
| #define HAVE_ERRNO_H 1
| #define HAVE_ARPA_INET_H 1
| #define HAVE_NETINET_TCP_H 1
| #define HAVE_NETINET_IN_H 1
| #define HAVE_STDDEF_H 1
| #define HAVE_STDLIB_H 1
| #define HAVE_STRING_H 1
| #define HAVE_SYS_SOCKET_H 1
| #define HAVE_SYS_TIME_H 1
| #define HAVE_UNISTD_H 1
| #define HAVE_LIMITS_H 1
| #define HAVE_IFADDRS_H 1
| #define HAVE_NET_IF_H 1
| #define HAVE_LINUX_WIRELESS_H 1
| /* end confdefs.h.  */
| #include <stdio.h>
| #ifdef HAVE_SYS_TYPES_H
| # include <sys/types.h>
| #endif
| #ifdef HAVE_SYS_STAT_H
| # include <sys/stat.h>
| #endif
| #ifdef STDC_HEADERS
| # include <stdlib.h>
| # include <stddef.h>
| #else
| # ifdef HAVE_STDLIB_H
| #  include <stdlib.h>
| # endif
| #endif
| #ifdef HAVE_STRING_H
| # if !defined STDC_HEADERS && defined HAVE_MEMORY_H
| #  include <memory.h>
| # endif
| # include <string.h>
| #endif
| #ifdef HAVE_STRINGS_H
| # include <strings.h>
| #endif
| #ifdef HAVE_INTTYPES_H
| # include <inttypes.h>
| #endif
| #ifdef HAVE_STDINT_H
| # include <stdint.h>
| #endif
| #ifdef HAVE_UNISTD_H
| # include <unistd.h>
| #endif
| int
| main ()
| {
| if (sizeof ((_Bool)))
| 	    return 0;
|   ;
|   return 0;
| }
configure:12181: result: yes
configure:12197: checking for an ANSI C-conforming const
configure:12262: gcc -std=gnu99 -c -g -O2 -D_GNU_SOURCE -DLINUX -D_REENTRANT -D_THREAD_SAFE  conftest.c >&5
configure:12262: $? = 0
configure:12269: result: yes
configure:12277: checking for inline
configure:12293: gcc -std=gnu99 -c -g -O2 -D_GNU_SOURCE -DLINUX -D_REENTRANT -D_THREAD_SAFE  conftest.c >&5
configure:12293: $? = 0
configure:12301: result: inline
configure:12319: checking for size_t
configure:12319: gcc -std=gnu99 -c -g -O2 -D_GNU_SOURCE -DLINUX -D_REENTRANT -D_THREAD_SAFE  conftest.c >&5
configure:12319: $? = 0
configure:12319: gcc -std=gnu99 -c -g -O2 -D_GNU_SOURCE -DLINUX -D_REENTRANT -D_THREAD_SAFE  conftest.c >&5
conftest.c: In function 'main':
conftest.c:80: error: expected expression before ')' token
configure:12319: $? = 1
configure: failed program was:
| /* confdefs.h */
| #define PACKAGE_NAME "majordomo"
| #define PACKAGE_TARNAME "majordomo"
| #define PACKAGE_VERSION "0.1.0"
| #define PACKAGE_STRING "majordomo 0.1.0"
| #define PACKAGE_BUGREPORT "zeromq-dev@lists.zeromq.org"
| #define PACKAGE_URL ""
| #define PACKAGE "majordomo"
| #define VERSION "0.1.0"
| #define PACKAGE_VERSION_MAJOR 0
| #define PACKAGE_VERSION_MINOR 1
| #define PACKAGE_VERSION_PATCH 0
| #define STDC_HEADERS 1
| #define HAVE_SYS_TYPES_H 1
| #define HAVE_SYS_STAT_H 1
| #define HAVE_STDLIB_H 1
| #define HAVE_STRING_H 1
| #define HAVE_MEMORY_H 1
| #define HAVE_STRINGS_H 1
| #define HAVE_INTTYPES_H 1
| #define HAVE_STDINT_H 1
| #define HAVE_UNISTD_H 1
| #define HAVE_DLFCN_H 1
| #define LT_OBJDIR ".libs/"
| #define MAJORDOMO_HAVE_LINUX 1
| #define STDC_HEADERS 1
| #define HAVE_ERRNO_H 1
| #define HAVE_ARPA_INET_H 1
| #define HAVE_NETINET_TCP_H 1
| #define HAVE_NETINET_IN_H 1
| #define HAVE_STDDEF_H 1
| #define HAVE_STDLIB_H 1
| #define HAVE_STRING_H 1
| #define HAVE_SYS_SOCKET_H 1
| #define HAVE_SYS_TIME_H 1
| #define HAVE_UNISTD_H 1
| #define HAVE_LIMITS_H 1
| #define HAVE_IFADDRS_H 1
| #define HAVE_NET_IF_H 1
| #define HAVE_LINUX_WIRELESS_H 1
| #define HAVE__BOOL 1
| #define HAVE_STDBOOL_H 1
| /* end confdefs.h.  */
| #include <stdio.h>
| #ifdef HAVE_SYS_TYPES_H
| # include <sys/types.h>
| #endif
| #ifdef HAVE_SYS_STAT_H
| # include <sys/stat.h>
| #endif
| #ifdef STDC_HEADERS
| # include <stdlib.h>
| # include <stddef.h>
| #else
| # ifdef HAVE_STDLIB_H
| #  include <stdlib.h>
| # endif
| #endif
| #ifdef HAVE_STRING_H
| # if !defined STDC_HEADERS && defined HAVE_MEMORY_H
| #  include <memory.h>
| # endif
| # include <string.h>
| #endif
| #ifdef HAVE_STRINGS_H
| # include <strings.h>
| #endif
| #ifdef HAVE_INTTYPES_H
| # include <inttypes.h>
| #endif
| #ifdef HAVE_STDINT_H
| # include <stdint.h>
| #endif
| #ifdef HAVE_UNISTD_H
| # include <unistd.h>
| #endif
| int
| main ()
| {
| if (sizeof ((size_t)))
| 	    return 0;
|   ;
|   return 0;
| }
configure:12319: result: yes
configure:12330: checking for ssize_t
configure:12330: gcc -std=gnu99 -c -g -O2 -D_GNU_SOURCE -DLINUX -D_REENTRANT -D_THREAD_SAFE  conftest.c >&5
configure:12330: $? = 0
configure:12330: gcc -std=gnu99 -c -g -O2 -D_GNU_SOURCE -DLINUX -D_REENTRANT -D_THREAD_SAFE  conftest.c >&5
conftest.c: In function 'main':
conftest.c:80: error: expected expression before ')' token
configure:12330: $? = 1
configure: failed program was:
| /* confdefs.h */
| #define PACKAGE_NAME "majordomo"
| #define PACKAGE_TARNAME "majordomo"
| #define PACKAGE_VERSION "0.1.0"
| #define PACKAGE_STRING "majordomo 0.1.0"
| #define PACKAGE_BUGREPORT "zeromq-dev@lists.zeromq.org"
| #define PACKAGE_URL ""
| #define PACKAGE "majordomo"
| #define VERSION "0.1.0"
| #define PACKAGE_VERSION_MAJOR 0
| #define PACKAGE_VERSION_MINOR 1
| #define PACKAGE_VERSION_PATCH 0
| #define STDC_HEADERS 1
| #define HAVE_SYS_TYPES_H 1
| #define HAVE_SYS_STAT_H 1
| #define HAVE_STDLIB_H 1
| #define HAVE_STRING_H 1
| #define HAVE_MEMORY_H 1
| #define HAVE_STRINGS_H 1
| #define HAVE_INTTYPES_H 1
| #define HAVE_STDINT_H 1
| #define HAVE_UNISTD_H 1
| #define HAVE_DLFCN_H 1
| #define LT_OBJDIR ".libs/"
| #define MAJORDOMO_HAVE_LINUX 1
| #define STDC_HEADERS 1
| #define HAVE_ERRNO_H 1
| #define HAVE_ARPA_INET_H 1
| #define HAVE_NETINET_TCP_H 1
| #define HAVE_NETINET_IN_H 1
| #define HAVE_STDDEF_H 1
| #define HAVE_STDLIB_H 1
| #define HAVE_STRING_H 1
| #define HAVE_SYS_SOCKET_H 1
| #define HAVE_SYS_TIME_H 1
| #define HAVE_UNISTD_H 1
| #define HAVE_LIMITS_H 1
| #define HAVE_IFADDRS_H 1
| #define HAVE_NET_IF_H 1
| #define HAVE_LINUX_WIRELESS_H 1
| #define HAVE__BOOL 1
| #define HAVE_STDBOOL_H 1
| /* end confdefs.h.  */
| #include <stdio.h>
| #ifdef HAVE_SYS_TYPES_H
| # include <sys/types.h>
| #endif
| #ifdef HAVE_SYS_STAT_H
| # include <sys/stat.h>
| #endif
| #ifdef STDC_HEADERS
| # include <stdlib.h>
| # include <stddef.h>
| #else
| # ifdef HAVE_STDLIB_H
| #  include <stdlib.h>
| # endif
| #endif
| #ifdef HAVE_STRING_H
| # if !defined STDC_HEADERS && defined HAVE_MEMORY_H
| #  include <memory.h>
| # endif
| # include <string.h>
| #endif
| #ifdef HAVE_STRINGS_H
| # include <strings.h>
| #endif
| #ifdef HAVE_INTTYPES_H
| # include <inttypes.h>
| #endif
| #ifdef HAVE_STDINT_H
| # include <stdint.h>
| #endif
| #ifdef HAVE_UNISTD_H
| # include <unistd.h>
| #endif
| int
| main ()
| {
| if (sizeof ((ssize_t)))
| 	    return 0;
|   ;
|   return 0;
| }
configure:12330: result: yes
configure:12341: checking whether time.h and sys/time.h may both be included
configure:12361: gcc -std=gnu99 -c -g -O2 -D_GNU_SOURCE -DLINUX -D_REENTRANT -D_THREAD_SAFE  conftest.c >&5
configure:12361: $? = 0
configure:12368: result: yes
configure:12376: checking for uint32_t
configure:12376: gcc -std=gnu99 -c -g -O2 -D_GNU_SOURCE -DLINUX -D_REENTRANT -D_THREAD_SAFE  conftest.c >&5
configure:12376: $? = 0
configure:12376: result: yes
configure:12390: checking for working volatile
configure:12409: gcc -std=gnu99 -c -g -O2 -D_GNU_SOURCE -DLINUX -D_REENTRANT -D_THREAD_SAFE  conftest.c >&5
configure:12409: $? = 0
configure:12416: result: yes
configure:12424: checking whether byte ordering is bigendian
configure:12439: gcc -std=gnu99 -c -g -O2 -D_GNU_SOURCE -DLINUX -D_REENTRANT -D_THREAD_SAFE  conftest.c >&5
conftest.c:46: error: expected '=', ',', ';', 'asm' or '__attribute__' before 'a'
configure:12439: $? = 1
configure: failed program was:
| /* confdefs.h */
| #define PACKAGE_NAME "majordomo"
| #define PACKAGE_TARNAME "majordomo"
| #define PACKAGE_VERSION "0.1.0"
| #define PACKAGE_STRING "majordomo 0.1.0"
| #define PACKAGE_BUGREPORT "zeromq-dev@lists.zeromq.org"
| #define PACKAGE_URL ""
| #define PACKAGE "majordomo"
| #define VERSION "0.1.0"
| #define PACKAGE_VERSION_MAJOR 0
| #define PACKAGE_VERSION_MINOR 1
| #define PACKAGE_VERSION_PATCH 0
| #define STDC_HEADERS 1
| #define HAVE_SYS_TYPES_H 1
| #define HAVE_SYS_STAT_H 1
| #define HAVE_STDLIB_H 1
| #define HAVE_STRING_H 1
| #define HAVE_MEMORY_H 1
| #define HAVE_STRINGS_H 1
| #define HAVE_INTTYPES_H 1
| #define HAVE_STDINT_H 1
| #define HAVE_UNISTD_H 1
| #define HAVE_DLFCN_H 1
| #define LT_OBJDIR ".libs/"
| #define MAJORDOMO_HAVE_LINUX 1
| #define STDC_HEADERS 1
| #define HAVE_ERRNO_H 1
| #define HAVE_ARPA_INET_H 1
| #define HAVE_NETINET_TCP_H 1
| #define HAVE_NETINET_IN_H 1
| #define HAVE_STDDEF_H 1
| #define HAVE_STDLIB_H 1
| #define HAVE_STRING_H 1
| #define HAVE_SYS_SOCKET_H 1
| #define HAVE_SYS_TIME_H 1
| #define HAVE_UNISTD_H 1
| #define HAVE_LIMITS_H 1
| #define HAVE_IFADDRS_H 1
| #define HAVE_NET_IF_H 1
| #define HAVE_LINUX_WIRELESS_H 1
| #define HAVE__BOOL 1
| #define HAVE_STDBOOL_H 1
| #define TIME_WITH_SYS_TIME 1
| /* end confdefs.h.  */
| #ifndef __APPLE_CC__
| 	       not a universal capable compiler
| 	     #endif
| 	     typedef int dummy;
| 
configure:12484: gcc -std=gnu99 -c -g -O2 -D_GNU_SOURCE -DLINUX -D_REENTRANT -D_THREAD_SAFE  conftest.c >&5
configure:12484: $? = 0
configure:12502: gcc -std=gnu99 -c -g -O2 -D_GNU_SOURCE -DLINUX -D_REENTRANT -D_THREAD_SAFE  conftest.c >&5
conftest.c: In function 'main':
conftest.c:52: error: 'not' undeclared (first use in this function)
conftest.c:52: error: (Each undeclared identifier is reported only once
conftest.c:52: error: for each function it appears in.)
conftest.c:52: error: expected ';' before 'big'
configure:12502: $? = 1
configure: failed program was:
| /* confdefs.h */
| #define PACKAGE_NAME "majordomo"
| #define PACKAGE_TARNAME "majordomo"
| #define PACKAGE_VERSION "0.1.0"
| #define PACKAGE_STRING "majordomo 0.1.0"
| #define PACKAGE_BUGREPORT "zeromq-dev@lists.zeromq.org"
| #define PACKAGE_URL ""
| #define PACKAGE "majordomo"
| #define VERSION "0.1.0"
| #define PACKAGE_VERSION_MAJOR 0
| #define PACKAGE_VERSION_MINOR 1
| #define PACKAGE_VERSION_PATCH 0
| #define STDC_HEADERS 1
| #define HAVE_SYS_TYPES_H 1
| #define HAVE_SYS_STAT_H 1
| #define HAVE_STDLIB_H 1
| #define HAVE_STRING_H 1
| #define HAVE_MEMORY_H 1
| #define HAVE_STRINGS_H 1
| #define HAVE_INTTYPES_H 1
| #define HAVE_STDINT_H 1
| #define HAVE_UNISTD_H 1
| #define HAVE_DLFCN_H 1
| #define LT_OBJDIR ".libs/"
| #define MAJORDOMO_HAVE_LINUX 1
| #define STDC_HEADERS 1
| #define HAVE_ERRNO_H 1
| #define HAVE_ARPA_INET_H 1
| #define HAVE_NETINET_TCP_H 1
| #define HAVE_NETINET_IN_H 1
| #define HAVE_STDDEF_H 1
| #define HAVE_STDLIB_H 1
| #define HAVE_STRING_H 1
| #define HAVE_SYS_SOCKET_H 1
| #define HAVE_SYS_TIME_H 1
| #define HAVE_UNISTD_H 1
| #define HAVE_LIMITS_H 1
| #define HAVE_IFADDRS_H 1
| #define HAVE_NET_IF_H 1
| #define HAVE_LINUX_WIRELESS_H 1
| #define HAVE__BOOL 1
| #define HAVE_STDBOOL_H 1
| #define TIME_WITH_SYS_TIME 1
| /* end confdefs.h.  */
| #include <sys/types.h>
| 		#include <sys/param.h>
| 
| int
| main ()
| {
| #if BYTE_ORDER != BIG_ENDIAN
| 		 not big endian
| 		#endif
| 
|   ;
|   return 0;
| }
configure:12630: result: no
configure:12722: WITH_MDP_TEST defined
configure:12727: checking return type of signal handlers
configure:12745: gcc -std=gnu99 -c -g -O2 -pedantic -Werror -Wall -Wc++-compat -D_GNU_SOURCE -DLINUX -D_REENTRANT -D_THREAD_SAFE  conftest.c >&5
conftest.c: In function 'main':
conftest.c:51: error: void value not ignored as it ought to be
configure:12745: $? = 1
configure: failed program was:
| /* confdefs.h */
| #define PACKAGE_NAME "majordomo"
| #define PACKAGE_TARNAME "majordomo"
| #define PACKAGE_VERSION "0.1.0"
| #define PACKAGE_STRING "majordomo 0.1.0"
| #define PACKAGE_BUGREPORT "zeromq-dev@lists.zeromq.org"
| #define PACKAGE_URL ""
| #define PACKAGE "majordomo"
| #define VERSION "0.1.0"
| #define PACKAGE_VERSION_MAJOR 0
| #define PACKAGE_VERSION_MINOR 1
| #define PACKAGE_VERSION_PATCH 0
| #define STDC_HEADERS 1
| #define HAVE_SYS_TYPES_H 1
| #define HAVE_SYS_STAT_H 1
| #define HAVE_STDLIB_H 1
| #define HAVE_STRING_H 1
| #define HAVE_MEMORY_H 1
| #define HAVE_STRINGS_H 1
| #define HAVE_INTTYPES_H 1
| #define HAVE_STDINT_H 1
| #define HAVE_UNISTD_H 1
| #define HAVE_DLFCN_H 1
| #define LT_OBJDIR ".libs/"
| #define MAJORDOMO_HAVE_LINUX 1
| #define STDC_HEADERS 1
| #define HAVE_ERRNO_H 1
| #define HAVE_ARPA_INET_H 1
| #define HAVE_NETINET_TCP_H 1
| #define HAVE_NETINET_IN_H 1
| #define HAVE_STDDEF_H 1
| #define HAVE_STDLIB_H 1
| #define HAVE_STRING_H 1
| #define HAVE_SYS_SOCKET_H 1
| #define HAVE_SYS_TIME_H 1
| #define HAVE_UNISTD_H 1
| #define HAVE_LIMITS_H 1
| #define HAVE_IFADDRS_H 1
| #define HAVE_NET_IF_H 1
| #define HAVE_LINUX_WIRELESS_H 1
| #define HAVE__BOOL 1
| #define HAVE_STDBOOL_H 1
| #define TIME_WITH_SYS_TIME 1
| /* end confdefs.h.  */
| #include <sys/types.h>
| #include <signal.h>
| 
| int
| main ()
| {
| return *(signal (0, 0)) (0) == 1;
|   ;
|   return 0;
| }
configure:12752: result: void
configure:12763: checking for perror
configure:12763: gcc -std=gnu99 -o conftest -g -O2 -pedantic -Werror -Wall -Wc++-compat -D_GNU_SOURCE -DLINUX -D_REENTRANT -D_THREAD_SAFE   conftest.c  >&5
configure:12763: $? = 0
configure:12763: result: yes
configure:12763: checking for gettimeofday
configure:12763: gcc -std=gnu99 -o conftest -g -O2 -pedantic -Werror -Wall -Wc++-compat -D_GNU_SOURCE -DLINUX -D_REENTRANT -D_THREAD_SAFE   conftest.c  >&5
configure:12763: $? = 0
configure:12763: result: yes
configure:12763: checking for memset
configure:12763: gcc -std=gnu99 -o conftest -g -O2 -pedantic -Werror -Wall -Wc++-compat -D_GNU_SOURCE -DLINUX -D_REENTRANT -D_THREAD_SAFE   conftest.c  >&5
cc1: warnings being treated as errors
conftest.c:71: error: conflicting types for built-in function 'memset'
configure:12763: $? = 1
configure: failed program was:
| /* confdefs.h */
| #define PACKAGE_NAME "majordomo"
| #define PACKAGE_TARNAME "majordomo"
| #define PACKAGE_VERSION "0.1.0"
| #define PACKAGE_STRING "majordomo 0.1.0"
| #define PACKAGE_BUGREPORT "zeromq-dev@lists.zeromq.org"
| #define PACKAGE_URL ""
| #define PACKAGE "majordomo"
| #define VERSION "0.1.0"
| #define PACKAGE_VERSION_MAJOR 0
| #define PACKAGE_VERSION_MINOR 1
| #define PACKAGE_VERSION_PATCH 0
| #define STDC_HEADERS 1
| #define HAVE_SYS_TYPES_H 1
| #define HAVE_SYS_STAT_H 1
| #define HAVE_STDLIB_H 1
| #define HAVE_STRING_H 1
| #define HAVE_MEMORY_H 1
| #define HAVE_STRINGS_H 1
| #define HAVE_INTTYPES_H 1
| #define HAVE_STDINT_H 1
| #define HAVE_UNISTD_H 1
| #define HAVE_DLFCN_H 1
| #define LT_OBJDIR ".libs/"
| #define MAJORDOMO_HAVE_LINUX 1
| #define STDC_HEADERS 1
| #define HAVE_ERRNO_H 1
| #define HAVE_ARPA_INET_H 1
| #define HAVE_NETINET_TCP_H 1
| #define HAVE_NETINET_IN_H 1
| #define HAVE_STDDEF_H 1
| #define HAVE_STDLIB_H 1
| #define HAVE_STRING_H 1
| #define HAVE_SYS_SOCKET_H 1
| #define HAVE_SYS_TIME_H 1
| #define HAVE_UNISTD_H 1
| #define HAVE_LIMITS_H 1
| #define HAVE_IFADDRS_H 1
| #define HAVE_NET_IF_H 1
| #define HAVE_LINUX_WIRELESS_H 1
| #define HAVE__BOOL 1
| #define HAVE_STDBOOL_H 1
| #define TIME_WITH_SYS_TIME 1
| #define RETSIGTYPE void
| #define HAVE_PERROR 1
| #define HAVE_GETTIMEOFDAY 1
| /* end confdefs.h.  */
| /* Define memset to an innocuous variant, in case <limits.h> declares memset.
|    For example, HP-UX 11i <limits.h> declares gettimeofday.  */
| #define memset innocuous_memset
| 
| /* System header to define __stub macros and hopefully few prototypes,
|     which can conflict with char memset (); below.
|     Prefer <limits.h> to <assert.h> if __STDC__ is defined, since
|     <limits.h> exists even on freestanding compilers.  */
| 
| #ifdef __STDC__
| # include <limits.h>
| #else
| # include <assert.h>
| #endif
| 
| #undef memset
| 
| /* Override any GCC internal prototype to avoid an error.
|    Use char because int might match the return type of a GCC
|    builtin and then its argument prototype would still apply.  */
| #ifdef __cplusplus
| extern "C"
| #endif
| char memset ();
| /* The GNU C library defines this for functions which it implements
|     to always fail with ENOSYS.  Some functions are actually named
|     something starting with __ and the normal name is an alias.  */
| #if defined __stub_memset || defined __stub___memset
| choke me
| #endif
| 
| int
| main ()
| {
| return memset ();
|   ;
|   return 0;
| }
configure:12763: result: no
configure:12763: checking for getifaddrs
configure:12763: gcc -std=gnu99 -o conftest -g -O2 -pedantic -Werror -Wall -Wc++-compat -D_GNU_SOURCE -DLINUX -D_REENTRANT -D_THREAD_SAFE   conftest.c  >&5
configure:12763: $? = 0
configure:12763: result: yes
configure:12935: creating ./config.status

## ---------------------- ##
## Running config.status. ##
## ---------------------- ##

This file was extended by majordomo config.status 0.1.0, which was
generated by GNU Autoconf 2.65.  Invocation command line was

  CONFIG_FILES    = 
  CONFIG_HEADERS  = 
  CONFIG_LINKS    = 
  CONFIG_COMMANDS = 
  $ ./config.status 

on cloud01

config.status:1119: creating Makefile
config.status:1119: creating doc/Makefile
config.status:1119: creating src/libmajordomo.pc
config.status:1119: creating src/platform.h
config.status:1291: src/platform.h is unchanged
config.status:1339: executing depfiles commands
config.status:1339: executing libtool commands

## ---------------- ##
## Cache variables. ##
## ---------------- ##

ac_cv_build=x86_64-unknown-linux-gnu
ac_cv_c_bigendian=no
ac_cv_c_compiler_gnu=yes
ac_cv_c_const=yes
ac_cv_c_inline=inline
ac_cv_c_uint32_t=yes
ac_cv_c_volatile=yes
ac_cv_env_CC_set=
ac_cv_env_CC_value=
ac_cv_env_CFLAGS_set=
ac_cv_env_CFLAGS_value=
ac_cv_env_CPPFLAGS_set=
ac_cv_env_CPPFLAGS_value=
ac_cv_env_CPP_set=
ac_cv_env_CPP_value=
ac_cv_env_LDFLAGS_set=
ac_cv_env_LDFLAGS_value=
ac_cv_env_LIBS_set=
ac_cv_env_LIBS_value=
ac_cv_env_PKG_CONFIG_set=
ac_cv_env_PKG_CONFIG_value=
ac_cv_env_build_alias_set=
ac_cv_env_build_alias_value=
ac_cv_env_czmq_CFLAGS_set=
ac_cv_env_czmq_CFLAGS_value=
ac_cv_env_czmq_LIBS_set=
ac_cv_env_czmq_LIBS_value=
ac_cv_env_host_alias_set=
ac_cv_env_host_alias_value=
ac_cv_env_target_alias_set=
ac_cv_env_target_alias_value=
ac_cv_env_zmq_CFLAGS_set=
ac_cv_env_zmq_CFLAGS_value=
ac_cv_env_zmq_LIBS_set=
ac_cv_env_zmq_LIBS_value=
ac_cv_func_getifaddrs=yes
ac_cv_func_gettimeofday=yes
ac_cv_func_memset=no
ac_cv_func_perror=yes
ac_cv_header_arpa_inet_h=yes
ac_cv_header_dlfcn_h=yes
ac_cv_header_errno_h=yes
ac_cv_header_ifaddrs_h=yes
ac_cv_header_inttypes_h=yes
ac_cv_header_limits_h=yes
ac_cv_header_linux_wireless_h=yes
ac_cv_header_memory_h=yes
ac_cv_header_net_if_h=yes
ac_cv_header_net_if_media_h=no
ac_cv_header_netinet_in_h=yes
ac_cv_header_netinet_tcp_h=yes
ac_cv_header_stdbool_h=yes
ac_cv_header_stdc=yes
ac_cv_header_stddef_h=yes
ac_cv_header_stdint_h=yes
ac_cv_header_stdlib_h=yes
ac_cv_header_string_h=yes
ac_cv_header_strings_h=yes
ac_cv_header_sys_socket_h=yes
ac_cv_header_sys_stat_h=yes
ac_cv_header_sys_time_h=yes
ac_cv_header_sys_types_h=yes
ac_cv_header_time=yes
ac_cv_header_unistd_h=yes
ac_cv_host=x86_64-unknown-linux-gnu
ac_cv_objext=o
ac_cv_path_EGREP='/bin/grep -E'
ac_cv_path_FGREP='/bin/grep -F'
ac_cv_path_GREP=/bin/grep
ac_cv_path_SED=/bin/sed
ac_cv_path_ac_pt_PKG_CONFIG=/usr/bin/pkg-config
ac_cv_path_install='/usr/bin/install -c'
ac_cv_path_mkdir=/bin/mkdir
ac_cv_prog_AWK=gawk
ac_cv_prog_CPP='gcc -std=gnu99 -E'
ac_cv_prog_ac_ct_AR=ar
ac_cv_prog_ac_ct_CC=gcc
ac_cv_prog_ac_ct_OBJDUMP=objdump
ac_cv_prog_ac_ct_RANLIB=ranlib
ac_cv_prog_ac_ct_STRIP=strip
ac_cv_prog_cc_c89=
ac_cv_prog_cc_c99=-std=gnu99
ac_cv_prog_cc_g=yes
ac_cv_prog_cc_gcc_c_o=yes
ac_cv_prog_majordomo_have_asciidoc=yes
ac_cv_prog_majordomo_have_xmlto=yes
ac_cv_prog_make_make_set=yes
ac_cv_type__Bool=yes
ac_cv_type_signal=void
ac_cv_type_size_t=yes
ac_cv_type_ssize_t=yes
am_cv_CC_dependencies_compiler_type=gcc3
am_cv_prog_tar_ustar=gnutar
lt_cv_deplibs_check_method=pass_all
lt_cv_file_magic_cmd='$MAGIC_CMD'
lt_cv_file_magic_test_file=
lt_cv_ld_reload_flag=-r
lt_cv_nm_interface='BSD nm'
lt_cv_objdir=.libs
lt_cv_path_LD=/usr/bin/ld
lt_cv_path_NM='/usr/bin/nm -B'
lt_cv_prog_compiler_c_o=yes
lt_cv_prog_compiler_pic_works=yes
lt_cv_prog_compiler_rtti_exceptions=no
lt_cv_prog_compiler_static_works=yes
lt_cv_prog_gnu_ld=yes
lt_cv_sys_global_symbol_pipe='sed -n -e '\''s/^.*[	 ]\([ABCDGIRSTW][ABCDGIRSTW]*\)[	 ][	 ]*\([_A-Za-z][_A-Za-z0-9]*\)$/\1 \2 \2/p'\'''
lt_cv_sys_global_symbol_to_c_name_address='sed -n -e '\''s/^: \([^ ]*\) $/  {\"\1\", (void *) 0},/p'\'' -e '\''s/^[ABCDGIRSTW]* \([^ ]*\) \([^ ]*\)$/  {"\2", (void *) \&\2},/p'\'''
lt_cv_sys_global_symbol_to_c_name_address_lib_prefix='sed -n -e '\''s/^: \([^ ]*\) $/  {\"\1\", (void *) 0},/p'\'' -e '\''s/^[ABCDGIRSTW]* \([^ ]*\) \(lib[^ ]*\)$/  {"\2", (void *) \&\2},/p'\'' -e '\''s/^[ABCDGIRSTW]* \([^ ]*\) \([^ ]*\)$/  {"lib\2", (void *) \&\2},/p'\'''
lt_cv_sys_global_symbol_to_cdecl='sed -n -e '\''s/^T .* \(.*\)$/extern int \1();/p'\'' -e '\''s/^[ABCDGIRSTW]* .* \(.*\)$/extern char \1;/p'\'''
lt_cv_sys_max_cmd_len=1572864
pkg_cv_czmq_CFLAGS='-I/usr/local/include  '
pkg_cv_czmq_LIBS='-L/usr/local/lib -lczmq -lzmq  '
pkg_cv_zmq_CFLAGS=' '
pkg_cv_zmq_LIBS='-lzmq  '

## ----------------- ##
## Output variables. ##
## ----------------- ##

ACLOCAL='${SHELL} /home/aleks/Work/ZeroMQ/majordomo/config/missing --run aclocal-1.11'
AMDEPBACKSLASH='\'
AMDEP_FALSE='#'
AMDEP_TRUE=''
AMTAR='${SHELL} /home/aleks/Work/ZeroMQ/majordomo/config/missing --run tar'
AM_BACKSLASH='\'
AM_DEFAULT_VERBOSITY='0'
AR='ar'
AS='as'
AUTOCONF='${SHELL} /home/aleks/Work/ZeroMQ/majordomo/config/missing --run autoconf'
AUTOHEADER='${SHELL} /home/aleks/Work/ZeroMQ/majordomo/config/missing --run autoheader'
AUTOMAKE='${SHELL} /home/aleks/Work/ZeroMQ/majordomo/config/missing --run automake-1.11'
AWK='gawk'
BUILD_DOC_FALSE='#'
BUILD_DOC_TRUE=''
CC='gcc -std=gnu99'
CCDEPMODE='depmode=gcc3'
CFLAGS='-g -O2'
CPP='gcc -std=gnu99 -E'
CPPFLAGS='-pedantic -Werror -Wall -Wc++-compat -D_GNU_SOURCE -DLINUX -D_REENTRANT -D_THREAD_SAFE '
CYGPATH_W='echo'
DEFS='-DHAVE_CONFIG_H'
DEPDIR='.deps'
DLLTOOL='dlltool'
DSYMUTIL=''
DUMPBIN=''
ECHO_C=''
ECHO_N='-n'
ECHO_T=''
EGREP='/bin/grep -E'
ENABLE_SHARED_FALSE='#'
ENABLE_SHARED_TRUE=''
EXEEXT=''
FGREP='/bin/grep -F'
GREP='/bin/grep'
INSTALL_DATA='${INSTALL} -m 644'
INSTALL_MAN_FALSE='#'
INSTALL_MAN_TRUE=''
INSTALL_PROGRAM='${INSTALL}'
INSTALL_SCRIPT='${INSTALL}'
INSTALL_STRIP_PROGRAM='$(install_sh) -c -s'
LD='/usr/bin/ld -m elf_x86_64'
LDFLAGS=''
LIBOBJS=''
LIBS=''
LIBTOOL='$(SHELL) $(top_builddir)/libtool'
LIPO=''
LN_S='ln -s'
LTLIBOBJS=''
LTVER='0:1:0'
MAKEINFO='${SHELL} /home/aleks/Work/ZeroMQ/majordomo/config/missing --run makeinfo'
MKDIR_P='/bin/mkdir -p'
NM='/usr/bin/nm -B'
NMEDIT=''
OBJDUMP='objdump'
OBJEXT='o'
ON_ANDROID_FALSE=''
ON_ANDROID_TRUE='#'
ON_CYGWIN_FALSE=''
ON_CYGWIN_TRUE='#'
ON_MINGW_FALSE=''
ON_MINGW_TRUE='#'
OTOOL64=''
OTOOL=''
PACKAGE='majordomo'
PACKAGE_BUGREPORT='zeromq-dev@lists.zeromq.org'
PACKAGE_NAME='majordomo'
PACKAGE_STRING='majordomo 0.1.0'
PACKAGE_TARNAME='majordomo'
PACKAGE_URL=''
PACKAGE_VERSION='0.1.0'
PATH_SEPARATOR=':'
PKG_CONFIG='/usr/bin/pkg-config'
RANLIB='ranlib'
SED='/bin/sed'
SET_MAKE=''
SHELL='/bin/bash'
STRIP='strip'
VERSION='0.1.0'
WITH_MDP_TEST_FALSE='#'
WITH_MDP_TEST_TRUE=''
ac_ct_CC='gcc'
ac_ct_DUMPBIN=''
am__EXEEXT_FALSE=''
am__EXEEXT_TRUE='#'
am__fastdepCC_FALSE='#'
am__fastdepCC_TRUE=''
am__include='include'
am__isrc=''
am__leading_dot='.'
am__quote=''
am__tar='tar --format=ustar -chf - "$$tardir"'
am__untar='tar -xf -'
bindir='${exec_prefix}/bin'
build='x86_64-unknown-linux-gnu'
build_alias=''
build_cpu='x86_64'
build_os='linux-gnu'
build_vendor='unknown'
czmq_CFLAGS='-I/usr/local/include  '
czmq_LIBS='-L/usr/local/lib -lczmq -lzmq  '
datadir='${datarootdir}'
datarootdir='${prefix}/share'
docdir='${datarootdir}/doc/${PACKAGE_TARNAME}'
dvidir='${docdir}'
exec_prefix='${prefix}'
host='x86_64-unknown-linux-gnu'
host_alias=''
host_cpu='x86_64'
host_os='linux-gnu'
host_vendor='unknown'
htmldir='${docdir}'
includedir='${prefix}/include'
infodir='${datarootdir}/info'
install_sh='${SHELL} /home/aleks/Work/ZeroMQ/majordomo/config/install-sh'
libdir='${exec_prefix}/lib'
libexecdir='${exec_prefix}/libexec'
localedir='${datarootdir}/locale'
localstatedir='${prefix}/var'
lt_ECHO='echo'
majordomo_have_asciidoc='yes'
majordomo_have_xmlto='yes'
mandir='${datarootdir}/man'
mkdir_p='/bin/mkdir -p'
oldincludedir='/usr/include'
pdfdir='${docdir}'
pkgconfigdir='${libdir}/pkgconfig'
prefix='/usr/local'
program_transform_name='s,x,x,'
psdir='${docdir}'
sbindir='${exec_prefix}/sbin'
sharedstatedir='${prefix}/com'
sysconfdir='${prefix}/etc'
target_alias=''
zmq_CFLAGS=' '
zmq_LIBS='-lzmq  '

## ----------- ##
## confdefs.h. ##
## ----------- ##

/* confdefs.h */
#define PACKAGE_NAME "majordomo"
#define PACKAGE_TARNAME "majordomo"
#define PACKAGE_VERSION "0.1.0"
#define PACKAGE_STRING "majordomo 0.1.0"
#define PACKAGE_BUGREPORT "zeromq-dev@lists.zeromq.org"
#define PACKAGE_URL ""
#define PACKAGE "majordomo"
#define VERSION "0.1.0"
#define PACKAGE_VERSION_MAJOR 0
#define PACKAGE_VERSION_MINOR 1
#define PACKAGE_VERSION_PATCH 0
#define STDC_HEADERS 1
#define HAVE_SYS_TYPES_H 1
#define HAVE_SYS_STAT_H 1
#define HAVE_STDLIB_H 1
#define HAVE_STRING_H 1
#define HAVE_MEMORY_H 1
#define HAVE_STRINGS_H 1
#define HAVE_INTTYPES_H 1
#define HAVE_STDINT_H 1
#define HAVE_UNISTD_H 1
#define HAVE_DLFCN_H 1
#define LT_OBJDIR ".libs/"
#define MAJORDOMO_HAVE_LINUX 1
#define STDC_HEADERS 1
#define HAVE_ERRNO_H 1
#define HAVE_ARPA_INET_H 1
#define HAVE_NETINET_TCP_H 1
#define HAVE_NETINET_IN_H 1
#define HAVE_STDDEF_H 1
#define HAVE_STDLIB_H 1
#define HAVE_STRING_H 1
#define HAVE_SYS_SOCKET_H 1
#define HAVE_SYS_TIME_H 1
#define HAVE_UNISTD_H 1
#define HAVE_LIMITS_H 1
#define HAVE_IFADDRS_H 1
#define HAVE_NET_IF_H 1
#define HAVE_LINUX_WIRELESS_H 1
#define HAVE__BOOL 1
#define HAVE_STDBOOL_H 1
#define TIME_WITH_SYS_TIME 1
#define RETSIGTYPE void
#define HAVE_PERROR 1
#define HAVE_GETTIMEOFDAY 1
#define HAVE_GETIFADDRS 1

configure: exit 0
