C:\USERS\JAM\CODE\MAJORDOMO\BINDINGS\DOTNET\DEBUG\ZEROMQ.MAJORDOMO.DLL
C:\USERS\JAM\CODE\MAJORDOMO\BINDINGS\DOTNET\DEBUG\ZEROMQ.MAJORDOMO.ILK
C:\USERS\JAM\CODE\MAJORDOMO\BINDINGS\DOTNET\DEBUG\ZEROMQ.MAJORDOMO.PDB
C:\USERS\JAM\CODE\MAJORDOMO\BINDINGS\DOTNET\ZEROMQ.MAJORDOMO\DEBUG\.NETFRAMEWORK,VERSION=V4.0.ASSEMBLYATTRIBUTES.OBJ
C:\USERS\JAM\CODE\MAJORDOMO\BINDINGS\DOTNET\ZEROMQ.MAJORDOMO\DEBUG\APP.RES
C:\USERS\JAM\CODE\MAJORDOMO\BINDINGS\DOTNET\ZEROMQ.MAJORDOMO\DEBUG\ASSEMBLYINFO.OBJ
C:\Users\jam\code\majordomo\bindings\dotnet\zeromq.majordomo\Debug\cl.command.1.tlog
C:\Users\jam\code\majordomo\bindings\dotnet\zeromq.majordomo\Debug\CL.read.1.tlog
C:\Users\jam\code\majordomo\bindings\dotnet\zeromq.majordomo\Debug\CL.write.1.tlog
C:\Users\jam\code\majordomo\bindings\dotnet\zeromq.majordomo\Debug\link.1328.read.1.tlog
C:\Users\jam\code\majordomo\bindings\dotnet\zeromq.majordomo\Debug\link.1328.write.1.tlog
C:\Users\jam\code\majordomo\bindings\dotnet\zeromq.majordomo\Debug\link.1328-cvtres.read.1.tlog
C:\Users\jam\code\majordomo\bindings\dotnet\zeromq.majordomo\Debug\link.1328-cvtres.write.1.tlog
C:\Users\jam\code\majordomo\bindings\dotnet\zeromq.majordomo\Debug\link.2920.read.1.tlog
C:\Users\jam\code\majordomo\bindings\dotnet\zeromq.majordomo\Debug\link.2920.write.1.tlog
C:\Users\jam\code\majordomo\bindings\dotnet\zeromq.majordomo\Debug\link.2920-cvtres.read.1.tlog
C:\Users\jam\code\majordomo\bindings\dotnet\zeromq.majordomo\Debug\link.2920-cvtres.write.1.tlog
C:\Users\jam\code\majordomo\bindings\dotnet\zeromq.majordomo\Debug\link.3464.read.1.tlog
C:\Users\jam\code\majordomo\bindings\dotnet\zeromq.majordomo\Debug\link.3464.write.1.tlog
C:\Users\jam\code\majordomo\bindings\dotnet\zeromq.majordomo\Debug\link.3464-cvtres.read.1.tlog
C:\Users\jam\code\majordomo\bindings\dotnet\zeromq.majordomo\Debug\link.3464-cvtres.write.1.tlog
C:\Users\jam\code\majordomo\bindings\dotnet\zeromq.majordomo\Debug\link.3560.read.1.tlog
C:\Users\jam\code\majordomo\bindings\dotnet\zeromq.majordomo\Debug\link.3560.write.1.tlog
C:\Users\jam\code\majordomo\bindings\dotnet\zeromq.majordomo\Debug\link.3560-cvtres.read.1.tlog
C:\Users\jam\code\majordomo\bindings\dotnet\zeromq.majordomo\Debug\link.3560-cvtres.write.1.tlog
C:\Users\jam\code\majordomo\bindings\dotnet\zeromq.majordomo\Debug\link.4044.read.1.tlog
C:\Users\jam\code\majordomo\bindings\dotnet\zeromq.majordomo\Debug\link.4044.write.1.tlog
C:\Users\jam\code\majordomo\bindings\dotnet\zeromq.majordomo\Debug\link.4044-cvtres.read.1.tlog
C:\Users\jam\code\majordomo\bindings\dotnet\zeromq.majordomo\Debug\link.4044-cvtres.write.1.tlog
C:\Users\jam\code\majordomo\bindings\dotnet\zeromq.majordomo\Debug\link.5028.read.1.tlog
C:\Users\jam\code\majordomo\bindings\dotnet\zeromq.majordomo\Debug\link.5028.write.1.tlog
C:\Users\jam\code\majordomo\bindings\dotnet\zeromq.majordomo\Debug\link.5028-cvtres.read.1.tlog
C:\Users\jam\code\majordomo\bindings\dotnet\zeromq.majordomo\Debug\link.5028-cvtres.write.1.tlog
C:\Users\jam\code\majordomo\bindings\dotnet\zeromq.majordomo\Debug\link.5040.read.1.tlog
C:\Users\jam\code\majordomo\bindings\dotnet\zeromq.majordomo\Debug\link.5040.write.1.tlog
C:\Users\jam\code\majordomo\bindings\dotnet\zeromq.majordomo\Debug\link.5040-cvtres.read.1.tlog
C:\Users\jam\code\majordomo\bindings\dotnet\zeromq.majordomo\Debug\link.5040-cvtres.write.1.tlog
C:\Users\jam\code\majordomo\bindings\dotnet\zeromq.majordomo\Debug\link.5068.read.1.tlog
C:\Users\jam\code\majordomo\bindings\dotnet\zeromq.majordomo\Debug\link.5068.write.1.tlog
C:\Users\jam\code\majordomo\bindings\dotnet\zeromq.majordomo\Debug\link.5068-cvtres.read.1.tlog
C:\Users\jam\code\majordomo\bindings\dotnet\zeromq.majordomo\Debug\link.5068-cvtres.write.1.tlog
C:\Users\jam\code\majordomo\bindings\dotnet\zeromq.majordomo\Debug\link.5388.read.1.tlog
C:\Users\jam\code\majordomo\bindings\dotnet\zeromq.majordomo\Debug\link.5388.write.1.tlog
C:\Users\jam\code\majordomo\bindings\dotnet\zeromq.majordomo\Debug\link.5388-cvtres.read.1.tlog
C:\Users\jam\code\majordomo\bindings\dotnet\zeromq.majordomo\Debug\link.5388-cvtres.write.1.tlog
C:\Users\jam\code\majordomo\bindings\dotnet\zeromq.majordomo\Debug\link.6192.read.1.tlog
C:\Users\jam\code\majordomo\bindings\dotnet\zeromq.majordomo\Debug\link.6192.write.1.tlog
C:\Users\jam\code\majordomo\bindings\dotnet\zeromq.majordomo\Debug\link.6192-cvtres.read.1.tlog
C:\Users\jam\code\majordomo\bindings\dotnet\zeromq.majordomo\Debug\link.6192-cvtres.write.1.tlog
C:\Users\jam\code\majordomo\bindings\dotnet\zeromq.majordomo\Debug\link.6516.read.1.tlog
C:\Users\jam\code\majordomo\bindings\dotnet\zeromq.majordomo\Debug\link.6516.write.1.tlog
C:\Users\jam\code\majordomo\bindings\dotnet\zeromq.majordomo\Debug\link.6516-cvtres.read.1.tlog
C:\Users\jam\code\majordomo\bindings\dotnet\zeromq.majordomo\Debug\link.6516-cvtres.write.1.tlog
C:\Users\jam\code\majordomo\bindings\dotnet\zeromq.majordomo\Debug\link.6600.read.1.tlog
C:\Users\jam\code\majordomo\bindings\dotnet\zeromq.majordomo\Debug\link.6600.write.1.tlog
C:\Users\jam\code\majordomo\bindings\dotnet\zeromq.majordomo\Debug\link.6600-cvtres.read.1.tlog
C:\Users\jam\code\majordomo\bindings\dotnet\zeromq.majordomo\Debug\link.6600-cvtres.write.1.tlog
C:\Users\jam\code\majordomo\bindings\dotnet\zeromq.majordomo\Debug\link.6764.read.1.tlog
C:\Users\jam\code\majordomo\bindings\dotnet\zeromq.majordomo\Debug\link.6764.write.1.tlog
C:\Users\jam\code\majordomo\bindings\dotnet\zeromq.majordomo\Debug\link.6764-cvtres.read.1.tlog
C:\Users\jam\code\majordomo\bindings\dotnet\zeromq.majordomo\Debug\link.6764-cvtres.write.1.tlog
C:\Users\jam\code\majordomo\bindings\dotnet\zeromq.majordomo\Debug\link.6872.read.1.tlog
C:\Users\jam\code\majordomo\bindings\dotnet\zeromq.majordomo\Debug\link.6872.write.1.tlog
C:\Users\jam\code\majordomo\bindings\dotnet\zeromq.majordomo\Debug\link.6872-cvtres.read.1.tlog
C:\Users\jam\code\majordomo\bindings\dotnet\zeromq.majordomo\Debug\link.6872-cvtres.write.1.tlog
C:\Users\jam\code\majordomo\bindings\dotnet\zeromq.majordomo\Debug\link.command.1.tlog
C:\Users\jam\code\majordomo\bindings\dotnet\zeromq.majordomo\Debug\link.read.1.tlog
C:\Users\jam\code\majordomo\bindings\dotnet\zeromq.majordomo\Debug\link.write.1.tlog
C:\USERS\JAM\CODE\MAJORDOMO\BINDINGS\DOTNET\ZEROMQ.MAJORDOMO\DEBUG\MDP_WRAPPER.OBJ
C:\Users\jam\code\majordomo\bindings\dotnet\zeromq.majordomo\Debug\mt.command.1.tlog
C:\Users\jam\code\majordomo\bindings\dotnet\zeromq.majordomo\Debug\mt.read.1.tlog
C:\Users\jam\code\majordomo\bindings\dotnet\zeromq.majordomo\Debug\mt.write.1.tlog
C:\Users\jam\code\majordomo\bindings\dotnet\zeromq.majordomo\Debug\rc.command.1.tlog
C:\Users\jam\code\majordomo\bindings\dotnet\zeromq.majordomo\Debug\rc.read.1.tlog
C:\Users\jam\code\majordomo\bindings\dotnet\zeromq.majordomo\Debug\rc.write.1.tlog
C:\USERS\JAM\CODE\MAJORDOMO\BINDINGS\DOTNET\ZEROMQ.MAJORDOMO\DEBUG\STDAFX.OBJ
C:\USERS\JAM\CODE\MAJORDOMO\BINDINGS\DOTNET\ZEROMQ.MAJORDOMO\DEBUG\VC100.PDB
C:\USERS\JAM\CODE\MAJORDOMO\BINDINGS\DOTNET\ZEROMQ.MAJORDOMO\DEBUG\ZEROMQ.MAJORDOMO.DLL.INTERMEDIATE.MANIFEST
C:\USERS\JAM\CODE\MAJORDOMO\BINDINGS\DOTNET\ZEROMQ.MAJORDOMO\DEBUG\ZEROMQ.MAJORDOMO.OBJ
C:\USERS\JAM\CODE\MAJORDOMO\BINDINGS\DOTNET\ZEROMQ.MAJORDOMO\DEBUG\ZEROMQ.MAJORDOMO.PCH
C:\Users\jam\code\majordomo\bindings\dotnet\zeromq.majordomo\Debug\zeromq.majordomo.write.1.tlog
